2024-08-14 21:24:14 INFO  HelloWorldServlet:20 - HelloWorldServlet initialized and Logger is set up
2024-08-14 21:24:14 DEBUG HelloWorldServlet:25 - This is a DEBUG message
2024-08-14 21:24:14 TRACE HelloWorldServlet:26 - This is a TRACE message
2024-08-14 21:24:14 INFO  HelloWorldServlet:27 - This is an INFO message
2024-08-14 21:24:14 WARN  HelloWorldServlet:28 - This is a WARN message
2024-08-14 21:39:53 INFO  HelloWorldServlet:20 - HelloWorldServlet initialized and Logger is set up
2024-08-14 21:39:53 DEBUG HelloWorldServlet:25 - This is a DEBUG message
2024-08-14 21:39:53 TRACE HelloWorldServlet:26 - This is a TRACE message
2024-08-14 21:39:53 INFO  HelloWorldServlet:27 - This is an INFO message
2024-08-14 21:39:53 WARN  HelloWorldServlet:28 - This is a WARN message
2024-08-14 21:39:55 DEBUG HelloWorldServlet:25 - This is a DEBUG message
2024-08-14 21:39:55 TRACE HelloWorldServlet:26 - This is a TRACE message
2024-08-14 21:39:55 INFO  HelloWorldServlet:27 - This is an INFO message
2024-08-14 21:39:55 WARN  HelloWorldServlet:28 - This is a WARN message
2024-08-14 21:40:15 INFO  HelloWorldServlet:20 - HelloWorldServlet initialized and Logger is set up
2024-08-14 21:40:15 DEBUG HelloWorldServlet:25 - This is a DEBUG message
2024-08-14 21:40:15 TRACE HelloWorldServlet:26 - This is a TRACE message
2024-08-14 21:40:15 INFO  HelloWorldServlet:27 - This is an INFO message
2024-08-14 21:40:15 WARN  HelloWorldServlet:28 - This is a WARN message
2024-08-14 21:40:36 DEBUG HelloWorldServlet:25 - This is a DEBUG message
2024-08-14 21:40:36 TRACE HelloWorldServlet:26 - This is a TRACE message
2024-08-14 21:40:36 INFO  HelloWorldServlet:27 - This is an INFO message
2024-08-14 21:40:36 WARN  HelloWorldServlet:28 - This is a WARN message
